{"uuid":"c103a4af-ad51-430a-b3c9-cfc5ff76f477","historyId":"a47efa5a4e51ff1f90c2ee5e97bbd4a8","fullName":"org.example.demo1.MainPageTest.navigationToAllTools","labels":[{"name":"package","value":"org.example.demo1.MainPageTest"},{"name":"testClass","value":"org.example.demo1.MainPageTest"},{"name":"testMethod","value":"navigationToAllTools"},{"name":"parentSuite","value":"Default Suite"},{"name":"suite","value":"demo1"},{"name":"subSuite","value":"org.example.demo1.MainPageTest"},{"name":"host","value":"macbookair.lan"},{"name":"thread","value":"10783@macbookair.lan.main(1)"},{"name":"framework","value":"testng"},{"name":"language","value":"java"}],"links":[],"name":"navigationToAllTools","status":"failed","statusDetails":{"known":false,"muted":false,"flaky":false,"message":"Invalid element state [By.xpath: //*[@data-test-marker='Developer Tools']]: element click intercepted: Element <div class=\"_mainMenuItem_buxog\" data-test=\"main-menu-item\" data-test-marker=\"Developer Tools\">...</div> is not clickable at point (455, 36). Other element would receive the click: <div data-nosnippet=\"\" class=\"jetbrains-cookies-backdrop\"></div>\nScreenshot: file:/Users/jcagle/Workspaces/demo1/build/reports/tests/1720665853890.0.png\nPage source: file:/Users/jcagle/Workspaces/demo1/build/reports/tests/1720665853890.0.html\nTimeout: 4 s.\nCaused by: ElementClickInterceptedException: element click intercepted: Element <div class=\"_mainMenuItem_buxog\" data-test=\"main-menu-item\" data-test-marker=\"Developer Tools\">...</div> is not clickable at point (455, 36). Other element would receive the click: <div data-nosnippet=\"\" class=\"jetbrains-cookies-backdrop\"></div>","trace":"Invalid element state [By.xpath: //*[@data-test-marker='Developer Tools']]: element click intercepted: Element <div class=\"_mainMenuItem_buxog\" data-test=\"main-menu-item\" data-test-marker=\"Developer Tools\">...</div> is not clickable at point (455, 36). Other element would receive the click: <div data-nosnippet=\"\" class=\"jetbrains-cookies-backdrop\"></div>\nScreenshot: file:/Users/jcagle/Workspaces/demo1/build/reports/tests/1720665853890.0.png\nPage source: file:/Users/jcagle/Workspaces/demo1/build/reports/tests/1720665853890.0.html\nTimeout: 4 s.\nCaused by: ElementClickInterceptedException: element click intercepted: Element <div class=\"_mainMenuItem_buxog\" data-test=\"main-menu-item\" data-test-marker=\"Developer Tools\">...</div> is not clickable at point (455, 36). Other element would receive the click: <div data-nosnippet=\"\" class=\"jetbrains-cookies-backdrop\"></div>\n\tat com.codeborne.selenide.impl.ExceptionWrapper.wrap(ExceptionWrapper.java:26)\n\tat com.codeborne.selenide.impl.SelenideElementProxy.dispatchAndRetry(SelenideElementProxy.java:154)\n\tat com.codeborne.selenide.impl.SelenideElementProxy.invoke(SelenideElementProxy.java:84)\n\tat jdk.proxy2/jdk.proxy2.$Proxy7.click(Unknown Source)\n\tat org.example.demo1.MainPageTest.navigationToAllTools(MainPageTest.java:47)\n\tat java.base/jdk.internal.reflect.DirectMethodHandleAccessor.invoke(DirectMethodHandleAccessor.java:104)\n\tat java.base/java.lang.reflect.Method.invoke(Method.java:578)\n\tat org.testng.internal.invokers.MethodInvocationHelper.invokeMethod(MethodInvocationHelper.java:139)\n\tat org.testng.internal.invokers.TestInvoker.invokeMethod(TestInvoker.java:677)\n\tat org.testng.internal.invokers.TestInvoker.invokeTestMethod(TestInvoker.java:221)\n\tat org.testng.internal.invokers.MethodRunner.runInSequence(MethodRunner.java:50)\n\tat org.testng.internal.invokers.TestInvoker$MethodInvocationAgent.invoke(TestInvoker.java:969)\n\tat org.testng.internal.invokers.TestInvoker.invokeTestMethods(TestInvoker.java:194)\n\tat org.testng.internal.invokers.TestMethodWorker.invokeTestMethods(TestMethodWorker.java:148)\n\tat org.testng.internal.invokers.TestMethodWorker.run(TestMethodWorker.java:128)\n\tat java.base/java.util.ArrayList.forEach(ArrayList.java:1511)\n\tat org.testng.TestRunner.privateRun(TestRunner.java:829)\n\tat org.testng.TestRunner.run(TestRunner.java:602)\n\tat org.testng.SuiteRunner.runTest(SuiteRunner.java:437)\n\tat org.testng.SuiteRunner.runSequentially(SuiteRunner.java:431)\n\tat org.testng.SuiteRunner.privateRun(SuiteRunner.java:391)\n\tat org.testng.SuiteRunner.run(SuiteRunner.java:330)\n\tat org.testng.SuiteRunnerWorker.runSuite(SuiteRunnerWorker.java:52)\n\tat org.testng.SuiteRunnerWorker.run(SuiteRunnerWorker.java:95)\n\tat org.testng.TestNG.runSuitesSequentially(TestNG.java:1256)\n\tat org.testng.TestNG.runSuitesLocally(TestNG.java:1176)\n\tat org.testng.TestNG.runSuites(TestNG.java:1099)\n\tat org.testng.TestNG.run(TestNG.java:1067)\n\tat com.intellij.rt.testng.IDEARemoteTestNG.run(IDEARemoteTestNG.java:65)\n\tat com.intellij.rt.testng.RemoteTestNGStarter.main(RemoteTestNGStarter.java:105)\nCaused by: org.openqa.selenium.ElementClickInterceptedException: element click intercepted: Element <div class=\"_mainMenuItem_buxog\" data-test=\"main-menu-item\" data-test-marker=\"Developer Tools\">...</div> is not clickable at point (455, 36). Other element would receive the click: <div data-nosnippet=\"\" class=\"jetbrains-cookies-backdrop\"></div>\n  (Session info: chrome=126.0.6478.127)\nBuild info: version: '4.13.0', revision: 'ba948ece5b*'\nSystem info: os.name: 'Mac OS X', os.arch: 'aarch64', os.version: '14.5', java.version: '19'\nDriver info: org.openqa.selenium.chrome.ChromeDriver\nCommand: [487966fa304f66513598f55ba63da315, clickElement {id=f.41ECE3CE93A9B4AB9B2F99452666618E.d.0427832B26967B672049FE81454127A2.e.36}]\nCapabilities {acceptInsecureCerts: true, browserName: chrome, browserVersion: 126.0.6478.127, chrome: {chromedriverVersion: 126.0.6478.126 (d36ace6122e..., userDataDir: /var/folders/hk/z0rx27nd3m5...}, fedcm:accounts: true, goog:chromeOptions: {debuggerAddress: localhost:54522}, networkConnectionEnabled: false, pageLoadStrategy: normal, platformName: mac, proxy: Proxy(), se:cdp: ws://localhost:54522/devtoo..., se:cdpVersion: 126.0.6478.127, setWindowRect: true, strictFileInteractability: false, timeouts: {implicit: 0, pageLoad: 300000, script: 30000}, unhandledPromptBehavior: accept, webauthn:extension:credBlob: true, webauthn:extension:largeBlob: true, webauthn:extension:minPinLength: true, webauthn:extension:prf: true, webauthn:virtualAuthenticators: true}\nElement: [[ChromeDriver: chrome on mac (487966fa304f66513598f55ba63da315)] -> xpath: //*[@data-test-marker='Developer Tools']]\nSession ID: 487966fa304f66513598f55ba63da315\n\tat java.base/jdk.internal.reflect.DirectConstructorHandleAccessor.newInstance(DirectConstructorHandleAccessor.java:67)\n\tat java.base/java.lang.reflect.Constructor.newInstanceWithCaller(Constructor.java:500)\n\tat java.base/java.lang.reflect.Constructor.newInstance(Constructor.java:484)\n\tat org.openqa.selenium.remote.codec.w3c.W3CHttpResponseCodec.createException(W3CHttpResponseCodec.java:200)\n\tat org.openqa.selenium.remote.codec.w3c.W3CHttpResponseCodec.decode(W3CHttpResponseCodec.java:133)\n\tat org.openqa.selenium.remote.codec.w3c.W3CHttpResponseCodec.decode(W3CHttpResponseCodec.java:52)\n\tat org.openqa.selenium.remote.HttpCommandExecutor.execute(HttpCommandExecutor.java:191)\n\tat org.openqa.selenium.remote.service.DriverCommandExecutor.invokeExecute(DriverCommandExecutor.java:196)\n\tat org.openqa.selenium.remote.service.DriverCommandExecutor.execute(DriverCommandExecutor.java:171)\n\tat org.openqa.selenium.remote.RemoteWebDriver.execute(RemoteWebDriver.java:602)\n\tat org.openqa.selenium.remote.RemoteWebElement.execute(RemoteWebElement.java:224)\n\tat org.openqa.selenium.remote.RemoteWebElement.click(RemoteWebElement.java:77)\n\tat com.codeborne.selenide.commands.Click.defaultClick(Click.java:97)\n\tat com.codeborne.selenide.commands.Click.click(Click.java:54)\n\tat com.codeborne.selenide.commands.Click.execute(Click.java:31)\n\tat com.codeborne.selenide.commands.Click.execute(Click.java:21)\n\tat com.codeborne.selenide.commands.Commands.execute(Commands.java:165)\n\tat com.codeborne.selenide.impl.SelenideElementProxy.dispatchAndRetry(SelenideElementProxy.java:132)\n\t... 28 more\n"},"stage":"finished","steps":[{"name":"$(\"By.xpath: //*[@data-test-marker='Developer Tools']\") click()","status":"failed","statusDetails":{"known":false,"muted":false,"flaky":false,"message":"Invalid element state [By.xpath: //*[@data-test-marker='Developer Tools']]: element click intercepted: Element <div class=\"_mainMenuItem_buxog\" data-test=\"main-menu-item\" data-test-marker=\"Developer Tools\">...</div> is not clickable at point (455, 36). Other element would receive the click: <div data-nosnippet=\"\" class=\"jetbrains-cookies-backdrop\"></div>\nScreenshot: file:/Users/jcagle/Workspaces/demo1/build/reports/tests/1720665853890.0.png\nPage source: file:/Users/jcagle/Workspaces/demo1/build/reports/tests/1720665853890.0.html\nTimeout: 4 s.\nCaused by: ElementClickInterceptedException: element click intercepted: Element <div class=\"_mainMenuItem_buxog\" data-test=\"main-menu-item\" data-test-marker=\"Developer Tools\">...</div> is not clickable at point (455, 36). Other element would receive the click: <div data-nosnippet=\"\" class=\"jetbrains-cookies-backdrop\"></div>","trace":"Invalid element state [By.xpath: //*[@data-test-marker='Developer Tools']]: element click intercepted: Element <div class=\"_mainMenuItem_buxog\" data-test=\"main-menu-item\" data-test-marker=\"Developer Tools\">...</div> is not clickable at point (455, 36). Other element would receive the click: <div data-nosnippet=\"\" class=\"jetbrains-cookies-backdrop\"></div>\nScreenshot: file:/Users/jcagle/Workspaces/demo1/build/reports/tests/1720665853890.0.png\nPage source: file:/Users/jcagle/Workspaces/demo1/build/reports/tests/1720665853890.0.html\nTimeout: 4 s.\nCaused by: ElementClickInterceptedException: element click intercepted: Element <div class=\"_mainMenuItem_buxog\" data-test=\"main-menu-item\" data-test-marker=\"Developer Tools\">...</div> is not clickable at point (455, 36). Other element would receive the click: <div data-nosnippet=\"\" class=\"jetbrains-cookies-backdrop\"></div>\n\tat com.codeborne.selenide.impl.ExceptionWrapper.wrap(ExceptionWrapper.java:26)\n\tat com.codeborne.selenide.impl.SelenideElementProxy.dispatchAndRetry(SelenideElementProxy.java:154)\n\tat com.codeborne.selenide.impl.SelenideElementProxy.invoke(SelenideElementProxy.java:84)\n\tat jdk.proxy2/jdk.proxy2.$Proxy7.click(Unknown Source)\n\tat org.example.demo1.MainPageTest.navigationToAllTools(MainPageTest.java:47)\n\tat java.base/jdk.internal.reflect.DirectMethodHandleAccessor.invoke(DirectMethodHandleAccessor.java:104)\n\tat java.base/java.lang.reflect.Method.invoke(Method.java:578)\n\tat org.testng.internal.invokers.MethodInvocationHelper.invokeMethod(MethodInvocationHelper.java:139)\n\tat org.testng.internal.invokers.TestInvoker.invokeMethod(TestInvoker.java:677)\n\tat org.testng.internal.invokers.TestInvoker.invokeTestMethod(TestInvoker.java:221)\n\tat org.testng.internal.invokers.MethodRunner.runInSequence(MethodRunner.java:50)\n\tat org.testng.internal.invokers.TestInvoker$MethodInvocationAgent.invoke(TestInvoker.java:969)\n\tat org.testng.internal.invokers.TestInvoker.invokeTestMethods(TestInvoker.java:194)\n\tat org.testng.internal.invokers.TestMethodWorker.invokeTestMethods(TestMethodWorker.java:148)\n\tat org.testng.internal.invokers.TestMethodWorker.run(TestMethodWorker.java:128)\n\tat java.base/java.util.ArrayList.forEach(ArrayList.java:1511)\n\tat org.testng.TestRunner.privateRun(TestRunner.java:829)\n\tat org.testng.TestRunner.run(TestRunner.java:602)\n\tat org.testng.SuiteRunner.runTest(SuiteRunner.java:437)\n\tat org.testng.SuiteRunner.runSequentially(SuiteRunner.java:431)\n\tat org.testng.SuiteRunner.privateRun(SuiteRunner.java:391)\n\tat org.testng.SuiteRunner.run(SuiteRunner.java:330)\n\tat org.testng.SuiteRunnerWorker.runSuite(SuiteRunnerWorker.java:52)\n\tat org.testng.SuiteRunnerWorker.run(SuiteRunnerWorker.java:95)\n\tat org.testng.TestNG.runSuitesSequentially(TestNG.java:1256)\n\tat org.testng.TestNG.runSuitesLocally(TestNG.java:1176)\n\tat org.testng.TestNG.runSuites(TestNG.java:1099)\n\tat org.testng.TestNG.run(TestNG.java:1067)\n\tat com.intellij.rt.testng.IDEARemoteTestNG.run(IDEARemoteTestNG.java:65)\n\tat com.intellij.rt.testng.RemoteTestNGStarter.main(RemoteTestNGStarter.java:105)\nCaused by: org.openqa.selenium.ElementClickInterceptedException: element click intercepted: Element <div class=\"_mainMenuItem_buxog\" data-test=\"main-menu-item\" data-test-marker=\"Developer Tools\">...</div> is not clickable at point (455, 36). Other element would receive the click: <div data-nosnippet=\"\" class=\"jetbrains-cookies-backdrop\"></div>\n  (Session info: chrome=126.0.6478.127)\nBuild info: version: '4.13.0', revision: 'ba948ece5b*'\nSystem info: os.name: 'Mac OS X', os.arch: 'aarch64', os.version: '14.5', java.version: '19'\nDriver info: org.openqa.selenium.chrome.ChromeDriver\nCommand: [487966fa304f66513598f55ba63da315, clickElement {id=f.41ECE3CE93A9B4AB9B2F99452666618E.d.0427832B26967B672049FE81454127A2.e.36}]\nCapabilities {acceptInsecureCerts: true, browserName: chrome, browserVersion: 126.0.6478.127, chrome: {chromedriverVersion: 126.0.6478.126 (d36ace6122e..., userDataDir: /var/folders/hk/z0rx27nd3m5...}, fedcm:accounts: true, goog:chromeOptions: {debuggerAddress: localhost:54522}, networkConnectionEnabled: false, pageLoadStrategy: normal, platformName: mac, proxy: Proxy(), se:cdp: ws://localhost:54522/devtoo..., se:cdpVersion: 126.0.6478.127, setWindowRect: true, strictFileInteractability: false, timeouts: {implicit: 0, pageLoad: 300000, script: 30000}, unhandledPromptBehavior: accept, webauthn:extension:credBlob: true, webauthn:extension:largeBlob: true, webauthn:extension:minPinLength: true, webauthn:extension:prf: true, webauthn:virtualAuthenticators: true}\nElement: [[ChromeDriver: chrome on mac (487966fa304f66513598f55ba63da315)] -> xpath: //*[@data-test-marker='Developer Tools']]\nSession ID: 487966fa304f66513598f55ba63da315\n\tat java.base/jdk.internal.reflect.DirectConstructorHandleAccessor.newInstance(DirectConstructorHandleAccessor.java:67)\n\tat java.base/java.lang.reflect.Constructor.newInstanceWithCaller(Constructor.java:500)\n\tat java.base/java.lang.reflect.Constructor.newInstance(Constructor.java:484)\n\tat org.openqa.selenium.remote.codec.w3c.W3CHttpResponseCodec.createException(W3CHttpResponseCodec.java:200)\n\tat org.openqa.selenium.remote.codec.w3c.W3CHttpResponseCodec.decode(W3CHttpResponseCodec.java:133)\n\tat org.openqa.selenium.remote.codec.w3c.W3CHttpResponseCodec.decode(W3CHttpResponseCodec.java:52)\n\tat org.openqa.selenium.remote.HttpCommandExecutor.execute(HttpCommandExecutor.java:191)\n\tat org.openqa.selenium.remote.service.DriverCommandExecutor.invokeExecute(DriverCommandExecutor.java:196)\n\tat org.openqa.selenium.remote.service.DriverCommandExecutor.execute(DriverCommandExecutor.java:171)\n\tat org.openqa.selenium.remote.RemoteWebDriver.execute(RemoteWebDriver.java:602)\n\tat org.openqa.selenium.remote.RemoteWebElement.execute(RemoteWebElement.java:224)\n\tat org.openqa.selenium.remote.RemoteWebElement.click(RemoteWebElement.java:77)\n\tat com.codeborne.selenide.commands.Click.defaultClick(Click.java:97)\n\tat com.codeborne.selenide.commands.Click.click(Click.java:54)\n\tat com.codeborne.selenide.commands.Click.execute(Click.java:31)\n\tat com.codeborne.selenide.commands.Click.execute(Click.java:21)\n\tat com.codeborne.selenide.commands.Commands.execute(Commands.java:165)\n\tat com.codeborne.selenide.impl.SelenideElementProxy.dispatchAndRetry(SelenideElementProxy.java:132)\n\t... 28 more\n"},"stage":"finished","steps":[],"attachments":[{"name":"Screenshot","source":"f06c52b8-7cd7-4c0c-b196-b07b0eff8d26-attachment.png","type":"image/png"},{"name":"Page source","source":"ba2b113e-2429-41bc-bcd4-1dc631387862-attachment.html","type":"text/html"}],"parameters":[],"start":1720665848831,"stop":1720665854737}],"attachments":[],"parameters":[],"start":1720665848829,"stop":1720665854751}